<?xml version="1.0" encoding="UTF-8"?>
<testng-results ignored="0" total="1" passed="1" failed="0" skipped="0">
  <reporter-output>
  </reporter-output>
  <suite started-at="2025-05-10T16:11:49 IST" name="Default suite" finished-at="2025-05-10T16:11:54 IST" duration-ms="5681">
    <groups>
    </groups>
    <test started-at="2025-05-10T16:11:49 IST" name="Default test" finished-at="2025-05-10T16:11:54 IST" duration-ms="5681">
      <class name="com.hiphen.patienttests.submitQuery">
        <test-method is-config="true" signature="beforeSuite()[pri:0, instance:com.hiphen.patienttests.submitQuery@77f80c04]" started-at="2025-05-10T16:11:35 IST" name="beforeSuite" finished-at="2025-05-10T16:11:49 IST" duration-ms="13217" status="PASS">
          <reporter-output>
          </reporter-output>
        </test-method> <!-- beforeSuite -->
        <test-method is-config="true" signature="launchBrowser()[pri:0, instance:com.hiphen.patienttests.submitQuery@77f80c04]" started-at="2025-05-10T16:11:49 IST" name="launchBrowser" finished-at="2025-05-10T16:11:51 IST" duration-ms="2218" status="PASS">
          <reporter-output>
          </reporter-output>
        </test-method> <!-- launchBrowser -->
        <test-method is-config="true" signature="beforeMethod()[pri:0, instance:com.hiphen.patienttests.submitQuery@77f80c04]" started-at="2025-05-10T16:11:51 IST" name="beforeMethod" finished-at="2025-05-10T16:11:52 IST" duration-ms="822" status="PASS">
          <reporter-output>
          </reporter-output>
        </test-method> <!-- beforeMethod -->
        <test-method signature="submittQueryyy()[pri:0, instance:com.hiphen.patienttests.submitQuery@77f80c04]" started-at="2025-05-10T16:11:52 IST" name="submittQueryyy" finished-at="2025-05-10T16:11:54 IST" duration-ms="2307" status="PASS">
          <reporter-output>
          </reporter-output>
        </test-method> <!-- submittQueryyy -->
        <test-method is-config="true" signature="afterMethod()[pri:0, instance:com.hiphen.patienttests.submitQuery@77f80c04]" started-at="2025-05-10T16:11:54 IST" name="afterMethod" finished-at="2025-05-10T16:11:54 IST" duration-ms="1" status="PASS">
          <reporter-output>
          </reporter-output>
        </test-method> <!-- afterMethod -->
        <test-method is-config="true" signature="afterClass()[pri:0, instance:com.hiphen.patienttests.submitQuery@77f80c04]" started-at="2025-05-10T16:11:54 IST" name="afterClass" finished-at="2025-05-10T16:11:54 IST" duration-ms="304" status="PASS">
          <reporter-output>
          </reporter-output>
        </test-method> <!-- afterClass -->
        <test-method is-config="true" signature="connclosed()[pri:0, instance:com.hiphen.patienttests.submitQuery@77f80c04]" started-at="2025-05-10T16:11:54 IST" name="connclosed" finished-at="2025-05-10T16:11:54 IST" duration-ms="4" status="PASS">
          <reporter-output>
          </reporter-output>
        </test-method> <!-- connclosed -->
      </class> <!-- com.hiphen.patienttests.submitQuery -->
    </test> <!-- Default test -->
  </suite> <!-- Default suite -->
</testng-results>
